ODPI [3883374] 2022-10-30 16:55:09.190: ODPI-C 4.4.1
ODPI [3883374] 2022-10-30 16:55:09.190: debugging messages initialized at level 38
ODPI [3883374] 2022-10-30 16:55:09.192: fn start dpiContext_createWithParams
ODPI [3883374] 2022-10-30 16:55:09.192: allocated 101 bytes at 0x600002904000 (allocate name buffer)
ODPI [3883374] 2022-10-30 16:55:09.192: allocated 243 bytes at 0x600003e04000 (allocate load error buffer)
ODPI [3883374] 2022-10-30 16:55:09.192: allocated 243 bytes at 0x600003e04100 (allocate load error buffer)
ODPI [3883374] 2022-10-30 16:55:09.324: freed ptr at 0x600002904000
ODPI [3883374] 2022-10-30 16:55:09.324: freed ptr at 0x600003e04100
ODPI [3883374] 2022-10-30 16:55:09.324: freed ptr at 0x600003e04000
ODPI [3883374] 2022-10-30 16:55:09.354: OCI allocated 29 bytes at 0x6000002041c0
ODPI [3883374] 2022-10-30 16:55:09.372: OCI allocated 168 bytes at 0x600003504000
ODPI [3883374] 2022-10-30 16:55:09.372: OCI allocated 8 bytes at 0x6000000041c0
ODPI [3883374] 2022-10-30 16:55:09.372: OCI allocated 264 bytes at 0x4b05510
ODPI [3883374] 2022-10-30 16:55:09.373: OCI allocated 56904 bytes at 0x4ad0000
ODPI [3883374] 2022-10-30 16:55:09.374: OCI allocated 4008 bytes at 0x501b000
ODPI [3883374] 2022-10-30 16:55:09.379: OCI allocated 4200 bytes at 0x500da00
ODPI [3883374] 2022-10-30 16:55:09.379: OCI allocated 4200 bytes at 0x500ec00
ODPI [3883374] 2022-10-30 16:55:09.379: allocated 3216 bytes at 0x500fe00 (allocate error buffer)
ODPI [3883374] 2022-10-30 16:55:09.379: allocated 56 bytes at 0x600001700500 (allocate handle)
ODPI [3883374] 2022-10-30 16:55:09.379: ref 0x600001700500 (dpiContext) -> 1 [NEW]
ODPI [3883374] 2022-10-30 16:55:09.379: allocated 6 bytes at 0x600000004240 (allocate default encoding)
ODPI [3883374] 2022-10-30 16:55:09.379: allocated 17 bytes at 0x600000201200 (allocate default driver name)
ODPI [3883374] 2022-10-30 16:55:09.379: fn end dpiContext_createWithParams -> 0
ODPI [3883374] 2022-10-30 16:55:09.379: fn start dpiContext_getClientVersion(0x600001700500)
ODPI [3883374] 2022-10-30 16:55:09.379: fn end dpiContext_getClientVersion(0x600001700500) -> 0
ODPI [3883374] 2022-10-30 16:55:09.379: fn start dpiContext_initCommonCreateParams(0x600001700500)
ODPI [3883374] 2022-10-30 16:55:09.379: fn end dpiContext_initCommonCreateParams(0x600001700500) -> 0
ODPI [3883374] 2022-10-30 16:55:09.379: fn start dpiContext_initPoolCreateParams(0x600001700500)
ODPI [3883374] 2022-10-30 16:55:09.379: fn end dpiContext_initPoolCreateParams(0x600001700500) -> 0
ODPI [3883374] 2022-10-30 16:55:09.379: fn start dpiPool_create(0x600001700500)
ODPI [3883374] 2022-10-30 16:55:09.379: allocated 80 bytes at 0x600002100190 (allocate handle)
ODPI [3883374] 2022-10-30 16:55:09.379: allocated 352 bytes at 0x4b05f40 (allocate env)
ODPI [3883374] 2022-10-30 16:55:09.379: ref 0x600002100190 (dpiPool) -> 1 [NEW]
ODPI [3883374] 2022-10-30 16:55:09.379: OCI allocated 56904 bytes at 0x4f51000
ODPI [3883374] 2022-10-30 16:55:09.379: OCI allocated 4008 bytes at 0x5010c00
ODPI [3883374] 2022-10-30 16:55:09.380: OCI allocated 32 bytes at 0x600000201240
ODPI [3883374] 2022-10-30 16:55:09.380: OCI allocated 13304 bytes at 0x501c000
ODPI [3883374] 2022-10-30 16:55:09.380: OCI allocated 4008 bytes at 0x2e008200
ODPI [3883374] 2022-10-30 16:55:09.382: OCI allocated 4160 bytes at 0x501f400
ODPI [3883374] 2022-10-30 16:55:09.383: OCI allocated 178360 bytes at 0x4f5f000
ODPI [3883374] 2022-10-30 16:55:09.384: OCI allocated 10304 bytes at 0x5020600
ODPI [3883374] 2022-10-30 16:55:09.384: OCI allocated 10304 bytes at 0x5023000
ODPI [3883374] 2022-10-30 16:55:09.384: OCI allocated 4672 bytes at 0x5025a00
ODPI [3883374] 2022-10-30 16:55:09.384: OCI allocated 4744 bytes at 0x5026e00
ODPI [3883374] 2022-10-30 16:55:09.384: OCI allocated 4160 bytes at 0x5028200
ODPI [3883374] 2022-10-30 16:55:09.384: OCI allocated 4160 bytes at 0x5029400
ODPI [3883374] 2022-10-30 16:55:09.386: OCI allocated 4160 bytes at 0x502a600
ODPI [3883374] 2022-10-30 16:55:09.387: OCI allocated 4160 bytes at 0x502b800
ODPI [3883374] 2022-10-30 16:55:09.387: OCI allocated 12328 bytes at 0x502ca00
ODPI [3883374] 2022-10-30 16:55:09.387: OCI allocated 4160 bytes at 0x502fc00
ODPI [3883374] 2022-10-30 16:55:09.387: OCI allocated 4160 bytes at 0x5030e00
ODPI [3883374] 2022-10-30 16:55:09.387: OCI allocated 4160 bytes at 0x5032000
ODPI [3883374] 2022-10-30 16:55:09.387: OCI allocated 4160 bytes at 0x5033200
ODPI [3883374] 2022-10-30 16:55:09.387: OCI allocated 4160 bytes at 0x5034400
ODPI [3883374] 2022-10-30 16:55:09.387: OCI allocated 4160 bytes at 0x5035600
ODPI [3883374] 2022-10-30 16:55:09.387: OCI allocated 7288 bytes at 0x2d859000
ODPI [3883374] 2022-10-30 16:55:09.387: OCI allocated 4200 bytes at 0x2d85ae00
ODPI [3883374] 2022-10-30 16:55:09.389: OCI allocated 4200 bytes at 0x2d85c000
ODPI [3883374] 2022-10-30 16:55:09.389: OCI allocated 4200 bytes at 0x2d85d200
ODPI [3883374] 2022-10-30 16:55:09.389: OCI allocated 4160 bytes at 0x2d85e400
ODPI [3883374] 2022-10-30 16:55:09.389: allocated 88 bytes at 0x600002604060 (allocate handle pool)
ODPI [3883374] 2022-10-30 16:55:09.389: allocated 64 bytes at 0x600001704180 (allocate handle pool slots)
ODPI [3883374] 2022-10-30 16:55:09.389: OCI allocated 4200 bytes at 0x2d85f600
ODPI [3883374] 2022-10-30 16:55:09.390: OCI allocated 4200 bytes at 0x2d860800
ODPI [3883374] 2022-10-30 16:55:09.390: OCI allocated 4256 bytes at 0x2d861a00
ODPI [3883374] 2022-10-30 16:55:09.390: OCI allocated 4200 bytes at 0x2d862c00
ODPI [3883374] 2022-10-30 16:55:09.391: OCI allocated 4256 bytes at 0x2d863e00
ODPI [3883374] 2022-10-30 16:55:09.392: OCI allocated 4200 bytes at 0x5036800
ODPI [3883374] 2022-10-30 16:55:09.408: OCI allocated 32032 bytes at 0x2d867c00
ODPI [3883374] 2022-10-30 16:55:09.409: OCI allocated 4200 bytes at 0x5037a00
ODPI [3883374] 2022-10-30 16:55:09.409: OCI allocated 8328 bytes at 0x5038c00
ODPI [3883374] 2022-10-30 16:55:09.409: OCI allocated 29048 bytes at 0x503ae00
ODPI [3883374] 2022-10-30 16:55:09.447: OCI allocated 4256 bytes at 0x5045e00
ODPI [3883374] 2022-10-30 16:55:09.447: OCI allocated 4200 bytes at 0x5047000
ODPI [3883374] 2022-10-30 16:55:09.447: OCI allocated 4200 bytes at 0x5048200
ODPI [3883374] 2022-10-30 16:55:09.479: OCI allocated 4240 bytes at 0x2f008200
ODPI [3883374] 2022-10-30 16:55:09.488: fn end dpiPool_create(0x600001700500) -> 0
ODPI [3883374] 2022-10-30 16:55:09.488: fn start dpiPool_setStmtCacheSize(0x600002100190)
ODPI [3883374] 2022-10-30 16:55:09.488: fn end dpiPool_setStmtCacheSize(0x600002100190) -> 0
ODPI [3883374] 2022-10-30 16:55:09.488: fn start dpiContext_initConnCreateParams(0x600001700500)
ODPI [3883374] 2022-10-30 16:55:09.488: fn end dpiContext_initConnCreateParams(0x600001700500) -> 0
ODPI [3883374] 2022-10-30 16:55:09.488: fn start dpiConn_create(0x600001700500)
ODPI [3883374] 2022-10-30 16:55:09.488: allocated 184 bytes at 0x600003700240 (allocate handle)
ODPI [3883374] 2022-10-30 16:55:09.488: ref 0x600003700240 (dpiConn) -> 1 [NEW]
ODPI [3883374] 2022-10-30 16:55:09.488: allocated 88 bytes at 0x600002604900 (allocate handle list)
ODPI [3883374] 2022-10-30 16:55:09.488: allocated 64 bytes at 0x6000017053c0 (allocate handle list slots)
ODPI [3883374] 2022-10-30 16:55:09.488: allocated 88 bytes at 0x600002604960 (allocate handle list)
ODPI [3883374] 2022-10-30 16:55:09.488: allocated 64 bytes at 0x600001705380 (allocate handle list slots)
ODPI [3883374] 2022-10-30 16:55:09.488: allocated 88 bytes at 0x6000026049c0 (allocate handle list)
ODPI [3883374] 2022-10-30 16:55:09.488: allocated 64 bytes at 0x600001705400 (allocate handle list slots)
ODPI [3883374] 2022-10-30 16:55:09.488: ref 0x600002100190 (dpiPool) -> 2
ODPI [3883374] 2022-10-30 16:55:09.488: OCI allocated 4256 bytes at 0x2d87e800
ODPI [3883374] 2022-10-30 16:55:09.490: fn end dpiConn_create(0x600001700500) -> 0
ODPI [3883374] 2022-10-30 16:55:09.490: fn start dpiConn_prepareStmt(0x600003700240)
ODPI [3883374] 2022-10-30 16:55:09.490: allocated 176 bytes at 0x600003504210 (allocate handle)
ODPI [3883374] 2022-10-30 16:55:09.490: ref 0x600003504210 (dpiStmt) -> 1 [NEW]
ODPI [3883374] 2022-10-30 16:55:09.490: ref 0x600003700240 (dpiConn) -> 2
ODPI [3883374] 2022-10-30 16:55:09.493: fn end dpiConn_prepareStmt(0x600003700240) -> 0
ODPI [3883374] 2022-10-30 16:55:09.493: fn start dpiStmt_getInfo(0x600003504210)
ODPI [3883374] 2022-10-30 16:55:09.493: fn end dpiStmt_getInfo(0x600003504210) -> 0
ODPI [3883374] 2022-10-30 16:55:09.493: fn start dpiConn_setCallTimeout(0x600003700240)
ODPI [3883374] 2022-10-30 16:55:09.493: fn end dpiConn_setCallTimeout(0x600003700240) -> 0
ODPI [3883374] 2022-10-30 16:55:09.493: fn start dpiConn_setCallTimeout(0x600003700240)
ODPI [3883374] 2022-10-30 16:55:09.493: fn end dpiConn_setCallTimeout(0x600003700240) -> 0
ODPI [3883374] 2022-10-30 16:55:09.493: fn start dpiStmt_setFetchArraySize(0x600003504210)
ODPI [3883374] 2022-10-30 16:55:09.493: fn end dpiStmt_setFetchArraySize(0x600003504210) -> 0
ODPI [3883374] 2022-10-30 16:55:09.493: fn start dpiStmt_setPrefetchRows(0x600003504210)
ODPI [3883374] 2022-10-30 16:55:09.493: fn end dpiStmt_setPrefetchRows(0x600003504210) -> 0
ODPI [3883374] 2022-10-30 16:55:09.493: fn start dpiStmt_execute(0x600003504210)
ODPI [3883374] 2022-10-30 16:55:09.496: OCI allocated 4240 bytes at 0x2d87fa00
ODPI [3883374] 2022-10-30 16:55:09.496: OCI allocated 4240 bytes at 0x2d880c00
ODPI [3883374] 2022-10-30 16:55:09.496: OCI allocated 4240 bytes at 0x2d881e00
ODPI [3883374] 2022-10-30 16:55:09.497: allocated 16 bytes at 0x60000000c8e0 (allocate query vars)
ODPI [3883374] 2022-10-30 16:55:09.497: allocated 128 bytes at 0x600002c04d80 (allocate query info)
ODPI [3883374] 2022-10-30 16:55:09.498: fn end dpiStmt_execute(0x600003504210) -> 0
ODPI [3883374] 2022-10-30 16:55:09.498: fn start dpiStmt_getQueryInfo(0x600003504210)
ODPI [3883374] 2022-10-30 16:55:09.498: fn end dpiStmt_getQueryInfo(0x600003504210) -> 0
ODPI [3883374] 2022-10-30 16:55:09.498: fn start dpiConn_newVar(0x600003700240)
ODPI [3883374] 2022-10-30 16:55:09.498: allocated 176 bytes at 0x6000035042c0 (allocate handle)
ODPI [3883374] 2022-10-30 16:55:09.498: ref 0x6000035042c0 (dpiVar) -> 1 [NEW]
ODPI [3883374] 2022-10-30 16:55:09.498: ref 0x600003700240 (dpiConn) -> 3
ODPI [3883374] 2022-10-30 16:55:09.498: allocated 600 bytes at 0x4b06590 (allocate buffer)
ODPI [3883374] 2022-10-30 16:55:09.498: allocated 200 bytes at 0x6000039000d0 (allocate indicator)
ODPI [3883374] 2022-10-30 16:55:09.498: allocated 400 bytes at 0x4b06400 (allocate actual length)
ODPI [3883374] 2022-10-30 16:55:09.498: allocated 200 bytes at 0x6000039001a0 (allocate return code)
ODPI [3883374] 2022-10-30 16:55:09.498: allocated 4800 bytes at 0x504bc00 (allocate external data)
ODPI [3883374] 2022-10-30 16:55:09.498: fn end dpiConn_newVar(0x600003700240) -> 0
ODPI [3883374] 2022-10-30 16:55:09.498: fn start dpiStmt_define(0x600003504210)
ODPI [3883374] 2022-10-30 16:55:09.498: OCI allocated 4240 bytes at 0x504d000
ODPI [3883374] 2022-10-30 16:55:09.498: ref 0x6000035042c0 (dpiVar) -> 2
ODPI [3883374] 2022-10-30 16:55:09.498: fn end dpiStmt_define(0x600003504210) -> 0
ODPI [3883374] 2022-10-30 16:55:09.498: fn start dpiStmt_getQueryInfo(0x600003504210)
ODPI [3883374] 2022-10-30 16:55:09.498: fn end dpiStmt_getQueryInfo(0x600003504210) -> 0
ODPI [3883374] 2022-10-30 16:55:09.498: fn start dpiConn_newVar(0x600003700240)
ODPI [3883374] 2022-10-30 16:55:09.498: allocated 176 bytes at 0x600003504370 (allocate handle)
ODPI [3883374] 2022-10-30 16:55:09.498: ref 0x600003504370 (dpiVar) -> 1 [NEW]
ODPI [3883374] 2022-10-30 16:55:09.498: ref 0x600003700240 (dpiConn) -> 4
ODPI [3883374] 2022-10-30 16:55:09.498: allocated 3200 bytes at 0x5042000 (allocate buffer)
ODPI [3883374] 2022-10-30 16:55:09.498: allocated 200 bytes at 0x600003900270 (allocate indicator)
ODPI [3883374] 2022-10-30 16:55:09.498: allocated 400 bytes at 0x4b067f0 (allocate actual length)
ODPI [3883374] 2022-10-30 16:55:09.498: allocated 200 bytes at 0x600003900340 (allocate return code)
ODPI [3883374] 2022-10-30 16:55:09.498: allocated 4800 bytes at 0x504e200 (allocate external data)
ODPI [3883374] 2022-10-30 16:55:09.498: fn end dpiConn_newVar(0x600003700240) -> 0
ODPI [3883374] 2022-10-30 16:55:09.498: fn start dpiStmt_define(0x600003504210)
ODPI [3883374] 2022-10-30 16:55:09.498: ref 0x600003504370 (dpiVar) -> 2
ODPI [3883374] 2022-10-30 16:55:09.498: fn end dpiStmt_define(0x600003504210) -> 0
ODPI [3883374] 2022-10-30 16:55:09.498: fn start dpiStmt_addRef(0x600003504210)
ODPI [3883374] 2022-10-30 16:55:09.498: ref 0x600003504210 (dpiStmt) -> 2
ODPI [3883374] 2022-10-30 16:55:09.498: fn end dpiStmt_addRef(0x600003504210) -> 0
ODPI [3883374] 2022-10-30 16:55:09.498: fn start dpiConn_setCallTimeout(0x600003700240)
ODPI [3883374] 2022-10-30 16:55:09.498: fn end dpiConn_setCallTimeout(0x600003700240) -> 0
ODPI [3883374] 2022-10-30 16:55:09.498: fn start dpiConn_setCallTimeout(0x600003700240)
ODPI [3883374] 2022-10-30 16:55:09.498: fn end dpiConn_setCallTimeout(0x600003700240) -> 0
ODPI [3883374] 2022-10-30 16:55:09.498: fn start dpiStmt_fetchRows(0x600003504210)
ODPI [3883374] 2022-10-30 16:55:09.499: fn end dpiStmt_fetchRows(0x600003504210) -> 0
ODPI [3883374] 2022-10-30 16:55:09.499: fn start dpiVar_release(0x6000035042c0)
ODPI [3883374] 2022-10-30 16:55:09.499: ref 0x6000035042c0 (dpiVar) -> 1
ODPI [3883374] 2022-10-30 16:55:09.499: fn end dpiVar_release(0x6000035042c0) -> 0
ODPI [3883374] 2022-10-30 16:55:09.499: fn start dpiVar_release(0x600003504370)
ODPI [3883374] 2022-10-30 16:55:09.499: ref 0x600003504370 (dpiVar) -> 1
ODPI [3883374] 2022-10-30 16:55:09.499: fn end dpiVar_release(0x600003504370) -> 0
ODPI [3883374] 2022-10-30 16:55:09.499: fn start dpiStmt_release(0x600003504210)
ODPI [3883374] 2022-10-30 16:55:09.499: ref 0x600003504210 (dpiStmt) -> 1
ODPI [3883374] 2022-10-30 16:55:09.499: fn end dpiStmt_release(0x600003504210) -> 0
ODPI [3883374] 2022-10-30 16:55:09.499: fn start dpiStmt_release(0x600003504210)
ODPI [3883374] 2022-10-30 16:55:09.499: ref 0x600003504210 (dpiStmt) -> 0
ODPI [3883374] 2022-10-30 16:55:09.499: ref 0x6000035042c0 (dpiVar) -> 0
ODPI [3883374] 2022-10-30 16:55:09.499: freed ptr at 0x6000039000d0
ODPI [3883374] 2022-10-30 16:55:09.499: freed ptr at 0x6000039001a0
ODPI [3883374] 2022-10-30 16:55:09.499: freed ptr at 0x4b06400
ODPI [3883374] 2022-10-30 16:55:09.499: freed ptr at 0x504bc00
ODPI [3883374] 2022-10-30 16:55:09.500: freed ptr at 0x4b06590
ODPI [3883374] 2022-10-30 16:55:09.500: ref 0x600003700240 (dpiConn) -> 3
ODPI [3883374] 2022-10-30 16:55:09.500: freed ptr at 0x6000035042c0
ODPI [3883374] 2022-10-30 16:55:09.500: ref 0x600003504370 (dpiVar) -> 0
ODPI [3883374] 2022-10-30 16:55:09.500: freed ptr at 0x600003900270
ODPI [3883374] 2022-10-30 16:55:09.500: freed ptr at 0x600003900340
ODPI [3883374] 2022-10-30 16:55:09.500: freed ptr at 0x4b067f0
ODPI [3883374] 2022-10-30 16:55:09.500: freed ptr at 0x504e200
ODPI [3883374] 2022-10-30 16:55:09.500: freed ptr at 0x5042000
ODPI [3883374] 2022-10-30 16:55:09.500: ref 0x600003700240 (dpiConn) -> 2
ODPI [3883374] 2022-10-30 16:55:09.500: freed ptr at 0x600003504370
ODPI [3883374] 2022-10-30 16:55:09.500: freed ptr at 0x60000000c8e0
ODPI [3883374] 2022-10-30 16:55:09.500: freed ptr at 0x600002c04d80
ODPI [3883374] 2022-10-30 16:55:09.500: ref 0x600003700240 (dpiConn) -> 1
ODPI [3883374] 2022-10-30 16:55:09.500: freed ptr at 0x600003504210
ODPI [3883374] 2022-10-30 16:55:09.500: fn end dpiStmt_release(0x600003504210) -> 0
ODPI [3883374] 2022-10-30 16:55:09.500: fn start dpiConn_prepareStmt(0x600003700240)
ODPI [3883374] 2022-10-30 16:55:09.500: allocated 176 bytes at 0x600003504210 (allocate handle)
ODPI [3883374] 2022-10-30 16:55:09.500: ref 0x600003504210 (dpiStmt) -> 1 [NEW]
ODPI [3883374] 2022-10-30 16:55:09.500: ref 0x600003700240 (dpiConn) -> 2
ODPI [3883374] 2022-10-30 16:55:09.500: OCI allocated 4200 bytes at 0x504e200
ODPI [3883374] 2022-10-30 16:55:09.500: fn end dpiConn_prepareStmt(0x600003700240) -> 0
ODPI [3883374] 2022-10-30 16:55:09.500: fn start dpiStmt_getInfo(0x600003504210)
ODPI [3883374] 2022-10-30 16:55:09.500: fn end dpiStmt_getInfo(0x600003504210) -> 0
ODPI [3883374] 2022-10-30 16:55:09.500: fn start dpiStmt_getBindCount(0x600003504210)
ODPI [3883374] 2022-10-30 16:55:09.500: fn end dpiStmt_getBindCount(0x600003504210) -> 0
ODPI [3883374] 2022-10-30 16:55:09.500: fn start dpiStmt_execute(0x600003504210)
ODPI [3883374] 2022-10-30 16:55:09.505: fn end dpiStmt_execute(0x600003504210) -> 0
ODPI [3883374] 2022-10-30 16:55:09.505: fn start dpiStmt_getRowCount(0x600003504210)
ODPI [3883374] 2022-10-30 16:55:09.505: fn end dpiStmt_getRowCount(0x600003504210) -> 0
ODPI [3883374] 2022-10-30 16:55:09.505: fn start dpiStmt_release(0x600003504210)
ODPI [3883374] 2022-10-30 16:55:09.505: ref 0x600003504210 (dpiStmt) -> 0
ODPI [3883374] 2022-10-30 16:55:09.505: ref 0x600003700240 (dpiConn) -> 1
ODPI [3883374] 2022-10-30 16:55:09.506: freed ptr at 0x600003504210
ODPI [3883374] 2022-10-30 16:55:09.506: fn end dpiStmt_release(0x600003504210) -> 0
ODPI [3883374] 2022-10-30 16:55:09.506: fn start dpiConn_getIsHealthy(0x600003700240)
ODPI [3883374] 2022-10-30 16:55:09.506: fn end dpiConn_getIsHealthy(0x600003700240) -> 0
ODPI [3883374] 2022-10-30 16:55:09.506: fn start dpiConn_release(0x600003700240)
ODPI [3883374] 2022-10-30 16:55:09.506: ref 0x600003700240 (dpiConn) -> 0
ODPI [3883374] 2022-10-30 16:55:09.506: ref 0x600002100190 (dpiPool) -> 1
ODPI [3883374] 2022-10-30 16:55:09.506: freed ptr at 0x6000017053c0
ODPI [3883374] 2022-10-30 16:55:09.506: freed ptr at 0x600002604900
ODPI [3883374] 2022-10-30 16:55:09.506: freed ptr at 0x600001705380
ODPI [3883374] 2022-10-30 16:55:09.506: freed ptr at 0x600002604960
ODPI [3883374] 2022-10-30 16:55:09.506: freed ptr at 0x600001705400
ODPI [3883374] 2022-10-30 16:55:09.506: freed ptr at 0x6000026049c0
ODPI [3883374] 2022-10-30 16:55:09.506: freed ptr at 0x600003700240
ODPI [3883374] 2022-10-30 16:55:09.506: fn end dpiConn_release(0x600003700240) -> 0
ODPI [3883374] 2022-10-30 16:55:09.506: fn start dpiContext_initConnCreateParams(0x600001700500)
ODPI [3883374] 2022-10-30 16:55:09.506: fn end dpiContext_initConnCreateParams(0x600001700500) -> 0
ODPI [3883374] 2022-10-30 16:55:09.506: fn start dpiConn_create(0x600001700500)
ODPI [3883374] 2022-10-30 16:55:09.506: allocated 184 bytes at 0x600003708000 (allocate handle)
ODPI [3883374] 2022-10-30 16:55:09.506: ref 0x600003708000 (dpiConn) -> 1 [NEW]
ODPI [3883374] 2022-10-30 16:55:09.506: allocated 88 bytes at 0x600002608180 (allocate handle list)
ODPI [3883374] 2022-10-30 16:55:09.506: allocated 64 bytes at 0x600001708240 (allocate handle list slots)
ODPI [3883374] 2022-10-30 16:55:09.506: allocated 88 bytes at 0x6000026080c0 (allocate handle list)
ODPI [3883374] 2022-10-30 16:55:09.506: allocated 64 bytes at 0x600001708200 (allocate handle list slots)
ODPI [3883374] 2022-10-30 16:55:09.506: allocated 88 bytes at 0x600002608060 (allocate handle list)
ODPI [3883374] 2022-10-30 16:55:09.506: allocated 64 bytes at 0x600001708280 (allocate handle list slots)
ODPI [3883374] 2022-10-30 16:55:09.506: ref 0x600002100190 (dpiPool) -> 2
ODPI [3883374] 2022-10-30 16:55:09.506: OCI freed ptr at 0x504e200
ODPI [3883374] 2022-10-30 16:55:09.506: OCI allocated 4256 bytes at 0x2f009400
ODPI [3883374] 2022-10-30 16:55:09.506: OCI allocated 4200 bytes at 0x2f00a600
ODPI [3883374] 2022-10-30 16:55:09.506: fn end dpiConn_create(0x600001700500) -> 0
ODPI [3883374] 2022-10-30 16:55:09.506: fn start dpiConn_prepareStmt(0x600003708000)
ODPI [3883374] 2022-10-30 16:55:09.506: allocated 176 bytes at 0x60000350c000 (allocate handle)
ODPI [3883374] 2022-10-30 16:55:09.506: ref 0x60000350c000 (dpiStmt) -> 1 [NEW]
ODPI [3883374] 2022-10-30 16:55:09.506: ref 0x600003708000 (dpiConn) -> 2
ODPI [3883374] 2022-10-30 16:55:09.506: fn end dpiConn_prepareStmt(0x600003708000) -> 0
ODPI [3883374] 2022-10-30 16:55:09.506: fn start dpiStmt_getInfo(0x60000350c000)
ODPI [3883374] 2022-10-30 16:55:09.506: fn end dpiStmt_getInfo(0x60000350c000) -> 0
ODPI [3883374] 2022-10-30 16:55:09.507: fn start dpiStmt_getBindCount(0x60000350c000)
ODPI [3883374] 2022-10-30 16:55:09.507: fn end dpiStmt_getBindCount(0x60000350c000) -> 0
ODPI [3883374] 2022-10-30 16:55:09.507: fn start dpiStmt_execute(0x60000350c000)
ODPI [3883374] 2022-10-30 16:55:09.509: fn end dpiStmt_execute(0x60000350c000) -> 0
ODPI [3883374] 2022-10-30 16:55:09.509: fn start dpiStmt_getRowCount(0x60000350c000)
ODPI [3883374] 2022-10-30 16:55:09.509: fn end dpiStmt_getRowCount(0x60000350c000) -> 0
ODPI [3883374] 2022-10-30 16:55:09.509: fn start dpiStmt_release(0x60000350c000)
ODPI [3883374] 2022-10-30 16:55:09.509: ref 0x60000350c000 (dpiStmt) -> 0
ODPI [3883374] 2022-10-30 16:55:09.509: ref 0x600003708000 (dpiConn) -> 1
ODPI [3883374] 2022-10-30 16:55:09.509: freed ptr at 0x60000350c000
ODPI [3883374] 2022-10-30 16:55:09.509: fn end dpiStmt_release(0x60000350c000) -> 0
ODPI [3883374] 2022-10-30 16:55:09.509: fn start dpiConn_getIsHealthy(0x600003708000)
ODPI [3883374] 2022-10-30 16:55:09.509: fn end dpiConn_getIsHealthy(0x600003708000) -> 0
ODPI [3883374] 2022-10-30 16:55:09.509: fn start dpiConn_release(0x600003708000)
ODPI [3883374] 2022-10-30 16:55:09.509: ref 0x600003708000 (dpiConn) -> 0
ODPI [3883374] 2022-10-30 16:55:09.509: ref 0x600002100190 (dpiPool) -> 1
ODPI [3883374] 2022-10-30 16:55:09.509: freed ptr at 0x600001708240
ODPI [3883374] 2022-10-30 16:55:09.509: freed ptr at 0x600002608180
ODPI [3883374] 2022-10-30 16:55:09.509: freed ptr at 0x600001708200
ODPI [3883374] 2022-10-30 16:55:09.509: freed ptr at 0x6000026080c0
ODPI [3883374] 2022-10-30 16:55:09.509: freed ptr at 0x600001708280
ODPI [3883374] 2022-10-30 16:55:09.509: freed ptr at 0x600002608060
ODPI [3883374] 2022-10-30 16:55:09.509: freed ptr at 0x600003708000
ODPI [3883374] 2022-10-30 16:55:09.509: fn end dpiConn_release(0x600003708000) -> 0
ODPI [3883374] 2022-10-30 16:55:09.509: fn start dpiContext_initConnCreateParams(0x600001700500)
ODPI [3883374] 2022-10-30 16:55:09.509: fn end dpiContext_initConnCreateParams(0x600001700500) -> 0
ODPI [3883374] 2022-10-30 16:55:09.509: fn start dpiConn_create(0x600001700500)
ODPI [3883374] 2022-10-30 16:55:09.510: allocated 184 bytes at 0x600003708000 (allocate handle)
ODPI [3883374] 2022-10-30 16:55:09.510: ref 0x600003708000 (dpiConn) -> 1 [NEW]
ODPI [3883374] 2022-10-30 16:55:09.510: allocated 88 bytes at 0x600002608060 (allocate handle list)
ODPI [3883374] 2022-10-30 16:55:09.510: allocated 64 bytes at 0x600001708280 (allocate handle list slots)
ODPI [3883374] 2022-10-30 16:55:09.510: allocated 88 bytes at 0x6000026080c0 (allocate handle list)
ODPI [3883374] 2022-10-30 16:55:09.510: allocated 64 bytes at 0x600001708200 (allocate handle list slots)
ODPI [3883374] 2022-10-30 16:55:09.510: allocated 88 bytes at 0x600002608180 (allocate handle list)
ODPI [3883374] 2022-10-30 16:55:09.510: allocated 64 bytes at 0x600001708240 (allocate handle list slots)
ODPI [3883374] 2022-10-30 16:55:09.510: ref 0x600002100190 (dpiPool) -> 2
ODPI [3883374] 2022-10-30 16:55:09.510: fn end dpiConn_create(0x600001700500) -> 0
ODPI [3883374] 2022-10-30 16:55:09.510: fn start dpiConn_prepareStmt(0x600003708000)
ODPI [3883374] 2022-10-30 16:55:09.510: allocated 176 bytes at 0x60000350c000 (allocate handle)
ODPI [3883374] 2022-10-30 16:55:09.510: ref 0x60000350c000 (dpiStmt) -> 1 [NEW]
ODPI [3883374] 2022-10-30 16:55:09.510: ref 0x600003708000 (dpiConn) -> 2
ODPI [3883374] 2022-10-30 16:55:09.510: fn end dpiConn_prepareStmt(0x600003708000) -> 0
ODPI [3883374] 2022-10-30 16:55:09.510: fn start dpiStmt_getInfo(0x60000350c000)
ODPI [3883374] 2022-10-30 16:55:09.510: fn end dpiStmt_getInfo(0x60000350c000) -> 0
ODPI [3883374] 2022-10-30 16:55:09.510: fn start dpiStmt_getBindCount(0x60000350c000)
ODPI [3883374] 2022-10-30 16:55:09.510: fn end dpiStmt_getBindCount(0x60000350c000) -> 0
ODPI [3883374] 2022-10-30 16:55:09.510: fn start dpiStmt_execute(0x60000350c000)
ODPI [3883374] 2022-10-30 16:55:09.513: fn end dpiStmt_execute(0x60000350c000) -> 0
ODPI [3883374] 2022-10-30 16:55:09.513: fn start dpiStmt_getRowCount(0x60000350c000)
ODPI [3883374] 2022-10-30 16:55:09.513: fn end dpiStmt_getRowCount(0x60000350c000) -> 0
ODPI [3883389] 2022-10-30 16:55:09.513: fn start dpiStmt_release(0x60000350c000)
ODPI [3883389] 2022-10-30 16:55:09.513: allocated 3216 bytes at 0x2e80a200 (allocate error buffer)
ODPI [3883389] 2022-10-30 16:55:09.513: ref 0x60000350c000 (dpiStmt) -> 0
ODPI [3883389] 2022-10-30 16:55:09.513: ref 0x600003708000 (dpiConn) -> 1
ODPI [3883389] 2022-10-30 16:55:09.513: freed ptr at 0x60000350c000
ODPI [3883389] 2022-10-30 16:55:09.513: fn end dpiStmt_release(0x60000350c000) -> 0
ODPI [3883389] 2022-10-30 16:55:09.513: fn start dpiConn_getIsHealthy(0x600003708000)
ODPI [3883389] 2022-10-30 16:55:09.513: fn end dpiConn_getIsHealthy(0x600003708000) -> 0
ODPI [3883389] 2022-10-30 16:55:09.513: fn start dpiConn_release(0x600003708000)
ODPI [3883389] 2022-10-30 16:55:09.513: ref 0x600003708000 (dpiConn) -> 0
ODPI [3883389] 2022-10-30 16:55:09.514: ref 0x600002100190 (dpiPool) -> 1
ODPI [3883389] 2022-10-30 16:55:09.514: freed ptr at 0x600001708280
ODPI [3883389] 2022-10-30 16:55:09.514: freed ptr at 0x600002608060
ODPI [3883389] 2022-10-30 16:55:09.514: freed ptr at 0x600001708200
ODPI [3883389] 2022-10-30 16:55:09.514: freed ptr at 0x6000026080c0
ODPI [3883389] 2022-10-30 16:55:09.514: freed ptr at 0x600001708240
ODPI [3883389] 2022-10-30 16:55:09.514: freed ptr at 0x600002608180
ODPI [3883389] 2022-10-30 16:55:09.514: freed ptr at 0x600003708000
ODPI [3883389] 2022-10-30 16:55:09.514: fn end dpiConn_release(0x600003708000) -> 0
ODPI [3883389] 2022-10-30 16:55:09.514: fn start dpiContext_initConnCreateParams(0x600001700500)
ODPI [3883389] 2022-10-30 16:55:09.514: fn end dpiContext_initConnCreateParams(0x600001700500) -> 0
ODPI [3883389] 2022-10-30 16:55:09.514: fn start dpiConn_create(0x600001700500)
ODPI [3883389] 2022-10-30 16:55:09.514: allocated 184 bytes at 0x60000370c000 (allocate handle)
ODPI [3883389] 2022-10-30 16:55:09.514: ref 0x60000370c000 (dpiConn) -> 1 [NEW]
ODPI [3883389] 2022-10-30 16:55:09.514: allocated 88 bytes at 0x60000260c060 (allocate handle list)
ODPI [3883389] 2022-10-30 16:55:09.514: allocated 64 bytes at 0x60000170c080 (allocate handle list slots)
ODPI [3883389] 2022-10-30 16:55:09.514: allocated 88 bytes at 0x60000260c0c0 (allocate handle list)
ODPI [3883389] 2022-10-30 16:55:09.514: allocated 64 bytes at 0x60000170c0c0 (allocate handle list slots)
ODPI [3883389] 2022-10-30 16:55:09.514: allocated 88 bytes at 0x60000260c120 (allocate handle list)
ODPI [3883389] 2022-10-30 16:55:09.514: allocated 64 bytes at 0x60000170c100 (allocate handle list slots)
ODPI [3883389] 2022-10-30 16:55:09.514: ref 0x600002100190 (dpiPool) -> 2
ODPI [3883389] 2022-10-30 16:55:09.514: fn end dpiConn_create(0x600001700500) -> 0
ODPI [3883389] 2022-10-30 16:55:09.514: fn start dpiConn_prepareStmt(0x60000370c000)
ODPI [3883389] 2022-10-30 16:55:09.514: allocated 176 bytes at 0x6000035080b0 (allocate handle)
ODPI [3883389] 2022-10-30 16:55:09.514: ref 0x6000035080b0 (dpiStmt) -> 1 [NEW]
ODPI [3883389] 2022-10-30 16:55:09.514: ref 0x60000370c000 (dpiConn) -> 2
ODPI [3883389] 2022-10-30 16:55:09.514: fn end dpiConn_prepareStmt(0x60000370c000) -> 0
ODPI [3883389] 2022-10-30 16:55:09.514: fn start dpiStmt_getInfo(0x6000035080b0)
ODPI [3883389] 2022-10-30 16:55:09.514: fn end dpiStmt_getInfo(0x6000035080b0) -> 0
ODPI [3883389] 2022-10-30 16:55:09.514: fn start dpiStmt_execute(0x6000035080b0)
ODPI [3883389] 2022-10-30 16:55:09.515: fn end dpiStmt_execute(0x6000035080b0) -> 0
ODPI [3883389] 2022-10-30 16:55:09.516: fn start dpiStmt_getRowCount(0x6000035080b0)
ODPI [3883389] 2022-10-30 16:55:09.516: fn end dpiStmt_getRowCount(0x6000035080b0) -> 0
ODPI [3883389] 2022-10-30 16:55:09.516: fn start dpiStmt_release(0x6000035080b0)
ODPI [3883389] 2022-10-30 16:55:09.516: ref 0x6000035080b0 (dpiStmt) -> 0
ODPI [3883389] 2022-10-30 16:55:09.516: ref 0x60000370c000 (dpiConn) -> 1
ODPI [3883389] 2022-10-30 16:55:09.516: freed ptr at 0x6000035080b0
ODPI [3883389] 2022-10-30 16:55:09.516: fn end dpiStmt_release(0x6000035080b0) -> 0
ODPI [3883389] 2022-10-30 16:55:09.516: fn start dpiConn_getObjectType(0x60000370c000)
ODPI [3883389] 2022-10-30 16:55:09.517: allocated 89 bytes at 0x6000026049c0 (allocate release string)
ODPI [3883389] 2022-10-30 16:55:09.517: OCI allocated 4160 bytes at 0x504e200
ODPI [3883389] 2022-10-30 16:55:09.517: OCI allocated 4160 bytes at 0x5049400
ODPI [3883389] 2022-10-30 16:55:09.519: OCI allocated 4160 bytes at 0x2d883000
ODPI [3883389] 2022-10-30 16:55:09.519: OCI allocated 4200 bytes at 0x2e845400
ODPI [3883389] 2022-10-30 16:55:09.520: OCI allocated 4200 bytes at 0x2e846600
ODPI [3883389] 2022-10-30 16:55:09.520: OCI allocated 4200 bytes at 0x2e847800
ODPI [3883389] 2022-10-30 16:55:09.520: OCI allocated 4200 bytes at 0x2e848a00
ODPI [3883389] 2022-10-30 16:55:09.520: OCI allocated 4200 bytes at 0x2e849c00
ODPI [3883389] 2022-10-30 16:55:09.520: OCI allocated 4200 bytes at 0x2e84ae00
ODPI [3883389] 2022-10-30 16:55:09.520: OCI allocated 4200 bytes at 0x2e84c000
ODPI [3883389] 2022-10-30 16:55:09.520: OCI allocated 4200 bytes at 0x2e84d200
ODPI [3883389] 2022-10-30 16:55:09.520: OCI allocated 4200 bytes at 0x2e84e400
ODPI [3883389] 2022-10-30 16:55:09.520: OCI allocated 4160 bytes at 0x2e84f600
ODPI [3883389] 2022-10-30 16:55:09.520: OCI allocated 4200 bytes at 0x2e850800
ODPI [3883389] 2022-10-30 16:55:09.520: OCI allocated 4200 bytes at 0x2e851a00
ODPI [3883389] 2022-10-30 16:55:09.523: OCI allocated 4160 bytes at 0x2f00b800
ODPI [3883389] 2022-10-30 16:55:09.523: OCI allocated 16544 bytes at 0x2f00ca00
ODPI [3883389] 2022-10-30 16:55:09.523: OCI allocated 16544 bytes at 0x2f010c00
ODPI [3883389] 2022-10-30 16:55:09.523: OCI allocated 8272 bytes at 0x2f014e00
ODPI [3883389] 2022-10-30 16:55:09.523: OCI allocated 8272 bytes at 0x2f017000
ODPI [3883389] 2022-10-30 16:55:09.523: OCI allocated 4216 bytes at 0x2f019200
ODPI [3883389] 2022-10-30 16:55:09.523: allocated 128 bytes at 0x600002c08000 (allocate handle)
ODPI [3883389] 2022-10-30 16:55:09.523: ref 0x600002c08000 (dpiObjectType) -> 1 [NEW]
ODPI [3883389] 2022-10-30 16:55:09.523: ref 0x60000370c000 (dpiConn) -> 2
ODPI [3883389] 2022-10-30 16:55:09.524: allocated 5 bytes at 0x600000018000 (get schema)
ODPI [3883389] 2022-10-30 16:55:09.524: allocated 9 bytes at 0x600000018010 (get name)
ODPI [3883389] 2022-10-30 16:55:09.524: OCI allocated 4200 bytes at 0x2f808200
ODPI [3883389] 2022-10-30 16:55:09.525: OCI allocated 4176 bytes at 0x2d884200
ODPI [3883389] 2022-10-30 16:55:09.526: OCI freed ptr at 0x2d884200
ODPI [3883389] 2022-10-30 16:55:09.526: OCI allocated 8272 bytes at 0x504a600
ODPI [3883389] 2022-10-30 16:55:09.526: fn end dpiConn_getObjectType(0x60000370c000) -> 0
ODPI [3883389] 2022-10-30 16:55:09.526: fn start dpiObjectType_getInfo(0x600002c08000)
ODPI [3883389] 2022-10-30 16:55:09.526: fn end dpiObjectType_getInfo(0x600002c08000) -> 0
ODPI [3883389] 2022-10-30 16:55:09.526: fn start dpiObjectType_getAttributes(0x600002c08000)
ODPI [3883389] 2022-10-30 16:55:09.527: OCI freed ptr at 0x504a600
ODPI [3883389] 2022-10-30 16:55:09.527: OCI allocated 16392 bytes at 0x2f01a400
ODPI [3883389] 2022-10-30 16:55:09.527: allocated 88 bytes at 0x600002608180 (allocate handle)
ODPI [3883389] 2022-10-30 16:55:09.527: ref 0x600002608180 (dpiObjectAttr) -> 1 [NEW]
ODPI [3883389] 2022-10-30 16:55:09.527: ref 0x600002c08000 (dpiObjectType) -> 2
ODPI [3883389] 2022-10-30 16:55:09.527: allocated 2 bytes at 0x600000010020 (get name)
ODPI [3883389] 2022-10-30 16:55:09.527: fn end dpiObjectType_getAttributes(0x600002c08000) -> 0
ODPI [3883389] 2022-10-30 16:55:09.527: fn start dpiObjectAttr_getInfo(0x600002608180)
ODPI [3883389] 2022-10-30 16:55:09.527: fn end dpiObjectAttr_getInfo(0x600002608180) -> 0
ODPI [3883389] 2022-10-30 16:55:09.527: fn start dpiObjectType_createObject(0x600002c08000)
ODPI [3883389] 2022-10-30 16:55:09.527: allocated 72 bytes at 0x600002108050 (allocate handle)
ODPI [3883389] 2022-10-30 16:55:09.527: ref 0x600002108050 (dpiObject) -> 1 [NEW]
ODPI [3883389] 2022-10-30 16:55:09.527: ref 0x600002c08000 (dpiObjectType) -> 3
ODPI [3883389] 2022-10-30 16:55:09.528: fn end dpiObjectType_createObject(0x600002c08000) -> 0
ODPI [3883389] 2022-10-30 16:55:09.528: fn start dpiObject_setAttributeValue(0x600002108050)
ODPI [3883389] 2022-10-30 16:55:09.529: OCI allocated 8312 bytes at 0x504a600
ODPI [3883389] 2022-10-30 16:55:09.529: OCI allocated 8312 bytes at 0x504f600
ODPI [3883389] 2022-10-30 16:55:09.530: fn end dpiObject_setAttributeValue(0x600002108050) -> 0
ODPI [3883389] 2022-10-30 16:55:09.530: fn start dpiConn_prepareStmt(0x60000370c000)
ODPI [3883389] 2022-10-30 16:55:09.530: allocated 176 bytes at 0x600003504210 (allocate handle)
ODPI [3883389] 2022-10-30 16:55:09.530: ref 0x600003504210 (dpiStmt) -> 1 [NEW]
ODPI [3883389] 2022-10-30 16:55:09.530: ref 0x60000370c000 (dpiConn) -> 3
ODPI [3883389] 2022-10-30 16:55:09.530: fn end dpiConn_prepareStmt(0x60000370c000) -> 0
ODPI [3883389] 2022-10-30 16:55:09.530: fn start dpiStmt_getInfo(0x600003504210)
ODPI [3883389] 2022-10-30 16:55:09.530: fn end dpiStmt_getInfo(0x600003504210) -> 0
ODPI [3883389] 2022-10-30 16:55:09.530: fn start dpiStmt_getBindCount(0x600003504210)
ODPI [3883389] 2022-10-30 16:55:09.530: fn end dpiStmt_getBindCount(0x600003504210) -> 0
ODPI [3883389] 2022-10-30 16:55:09.530: fn start dpiConn_newVar(0x60000370c000)
ODPI [3883389] 2022-10-30 16:55:09.530: allocated 176 bytes at 0x600003504370 (allocate handle)
ODPI [3883389] 2022-10-30 16:55:09.530: ref 0x600003504370 (dpiVar) -> 1 [NEW]
ODPI [3883389] 2022-10-30 16:55:09.530: ref 0x60000370c000 (dpiConn) -> 4
ODPI [3883389] 2022-10-30 16:55:09.530: ref 0x600002c08000 (dpiObjectType) -> 4
ODPI [3883389] 2022-10-30 16:55:09.530: allocated 8 bytes at 0x600000004250 (allocate buffer)
ODPI [3883389] 2022-10-30 16:55:09.530: allocated 2 bytes at 0x600000004410 (allocate indicator)
ODPI [3883389] 2022-10-30 16:55:09.530: allocated 4 bytes at 0x600000004370 (allocate actual length)
ODPI [3883389] 2022-10-30 16:55:09.530: allocated 48 bytes at 0x600000c004b0 (allocate external data)
ODPI [3883389] 2022-10-30 16:55:09.530: allocated 8 bytes at 0x600000004340 (allocate references)
ODPI [3883389] 2022-10-30 16:55:09.530: allocated 8 bytes at 0x6000000043f0 (allocate object indicator)
ODPI [3883389] 2022-10-30 16:55:09.530: fn end dpiConn_newVar(0x60000370c000) -> 0
ODPI [3883389] 2022-10-30 16:55:09.530: fn start dpiObject_setAttributeValue(0x600002108050)
ODPI [3883389] 2022-10-30 16:55:09.530: fn end dpiObject_setAttributeValue(0x600002108050) -> 0
ODPI [3883389] 2022-10-30 16:55:09.530: fn start dpiObject_getAttributeValue(0x600002108050)
ODPI [3883389] 2022-10-30 16:55:09.530: fn end dpiObject_getAttributeValue(0x600002108050) -> 0
ODPI [3883389] 2022-10-30 16:55:09.530: fn start dpiObject_setAttributeValue(0x600002108050)
ODPI [3883389] 2022-10-30 16:55:09.531: fn end dpiObject_setAttributeValue(0x600002108050) -> 0
ODPI [3883389] 2022-10-30 16:55:09.531: fn start dpiVar_setFromObject(0x600003504370)
ODPI [3883389] 2022-10-30 16:55:09.531: ref 0x600002108050 (dpiObject) -> 2
ODPI [3883389] 2022-10-30 16:55:09.531: fn end dpiVar_setFromObject(0x600003504370) -> 0
ODPI [3883389] 2022-10-30 16:55:09.531: fn start dpiStmt_bindByName(0x600003504210)
ODPI [3883389] 2022-10-30 16:55:09.531: allocated 256 bytes at 0x600003e00b00 (allocate bind vars)
ODPI [3883389] 2022-10-30 16:55:09.531: allocated 3 bytes at 0x600000004420 (allocate memory for name)
ODPI [3883389] 2022-10-30 16:55:09.531: ref 0x600003504370 (dpiVar) -> 2
ODPI [3883389] 2022-10-30 16:55:09.531: fn end dpiStmt_bindByName(0x600003504210) -> 0
ODPI [3883389] 2022-10-30 16:55:09.531: fn start dpiStmt_execute(0x600003504210)
ODPI [3883389] 2022-10-30 16:55:09.531: OCI allocated 4240 bytes at 0x5051800
ODPI [3883389] 2022-10-30 16:55:09.531: OCI allocated 4240 bytes at 0x5052a00
ODPI [3883389] 2022-10-30 16:55:09.532: OCI allocated 4200 bytes at 0x5053c00
ODPI [3883389] 2022-10-30 16:55:09.534: fn end dpiStmt_execute(0x600003504210) -> 0
ODPI [3883389] 2022-10-30 16:55:09.534: fn start dpiObject_addRef(0x600002108050)
ODPI [3883389] 2022-10-30 16:55:09.534: ref 0x600002108050 (dpiObject) -> 3
ODPI [3883389] 2022-10-30 16:55:09.534: fn end dpiObject_addRef(0x600002108050) -> 0
ODPI [3883389] 2022-10-30 16:55:09.534: fn start dpiObject_getAttributeValue(0x600002108050)
ODPI [3883389] 2022-10-30 16:55:09.534: fn end dpiObject_getAttributeValue(0x600002108050) -> 0
ODPI [3883389] 2022-10-30 16:55:09.534: fn start dpiObject_release(0x600002108050)
ODPI [3883389] 2022-10-30 16:55:09.534: ref 0x600002108050 (dpiObject) -> 2
ODPI [3883389] 2022-10-30 16:55:09.534: fn end dpiObject_release(0x600002108050) -> 0
ODPI [3883389] 2022-10-30 16:55:09.534: fn start dpiStmt_getRowCount(0x600003504210)
ODPI [3883389] 2022-10-30 16:55:09.534: fn end dpiStmt_getRowCount(0x600003504210) -> 0
ODPI [3883389] 2022-10-30 16:55:09.534: fn start dpiVar_release(0x600003504370)
ODPI [3883389] 2022-10-30 16:55:09.534: ref 0x600003504370 (dpiVar) -> 1
ODPI [3883389] 2022-10-30 16:55:09.534: fn end dpiVar_release(0x600003504370) -> 0
ODPI [3883389] 2022-10-30 16:55:09.534: fn start dpiStmt_release(0x600003504210)
ODPI [3883389] 2022-10-30 16:55:09.534: ref 0x600003504210 (dpiStmt) -> 0
ODPI [3883389] 2022-10-30 16:55:09.534: ref 0x600003504370 (dpiVar) -> 0
ODPI [3883389] 2022-10-30 16:55:09.534: ref 0x600002108050 (dpiObject) -> 1
ODPI [3883389] 2022-10-30 16:55:09.534: freed ptr at 0x600000004340
ODPI [3883389] 2022-10-30 16:55:09.534: freed ptr at 0x600000004410
ODPI [3883389] 2022-10-30 16:55:09.534: freed ptr at 0x600000004370
ODPI [3883389] 2022-10-30 16:55:09.534: freed ptr at 0x600000c004b0
ODPI [3883389] 2022-10-30 16:55:09.534: freed ptr at 0x600000004250
ODPI [3883389] 2022-10-30 16:55:09.534: freed ptr at 0x6000000043f0
ODPI [3883389] 2022-10-30 16:55:09.534: ref 0x600002c08000 (dpiObjectType) -> 3
ODPI [3883389] 2022-10-30 16:55:09.534: ref 0x60000370c000 (dpiConn) -> 3
ODPI [3883389] 2022-10-30 16:55:09.534: freed ptr at 0x600003504370
ODPI [3883389] 2022-10-30 16:55:09.534: freed ptr at 0x600000004420
ODPI [3883389] 2022-10-30 16:55:09.534: freed ptr at 0x600003e00b00
ODPI [3883389] 2022-10-30 16:55:09.534: ref 0x60000370c000 (dpiConn) -> 2
ODPI [3883389] 2022-10-30 16:55:09.534: freed ptr at 0x600003504210
ODPI [3883389] 2022-10-30 16:55:09.534: fn end dpiStmt_release(0x600003504210) -> 0
ODPI [3883389] 2022-10-30 16:55:09.534: fn start dpiObject_release(0x600002108050)
ODPI [3883389] 2022-10-30 16:55:09.534: ref 0x600002108050 (dpiObject) -> 0
ODPI [3883389] 2022-10-30 16:55:09.535: ref 0x600002c08000 (dpiObjectType) -> 2
ODPI [3883389] 2022-10-30 16:55:09.535: freed ptr at 0x600002108050
ODPI [3883389] 2022-10-30 16:55:09.535: fn end dpiObject_release(0x600002108050) -> 0
ODPI [3883389] 2022-10-30 16:55:09.535: fn start dpiObjectAttr_release(0x600002608180)
ODPI [3883389] 2022-10-30 16:55:09.535: ref 0x600002608180 (dpiObjectAttr) -> 0
ODPI [3883389] 2022-10-30 16:55:09.535: ref 0x600002c08000 (dpiObjectType) -> 1
ODPI [3883389] 2022-10-30 16:55:09.535: freed ptr at 0x600000010020
ODPI [3883389] 2022-10-30 16:55:09.535: freed ptr at 0x600002608180
ODPI [3883389] 2022-10-30 16:55:09.535: fn end dpiObjectAttr_release(0x600002608180) -> 0
ODPI [3883389] 2022-10-30 16:55:09.535: fn start dpiObjectType_release(0x600002c08000)
ODPI [3883389] 2022-10-30 16:55:09.535: ref 0x600002c08000 (dpiObjectType) -> 0
ODPI [3883389] 2022-10-30 16:55:09.535: ref 0x60000370c000 (dpiConn) -> 1
ODPI [3883389] 2022-10-30 16:55:09.535: freed ptr at 0x600000018000
ODPI [3883389] 2022-10-30 16:55:09.535: freed ptr at 0x600000018010
ODPI [3883389] 2022-10-30 16:55:09.535: freed ptr at 0x600002c08000
ODPI [3883389] 2022-10-30 16:55:09.535: fn end dpiObjectType_release(0x600002c08000) -> 0
ODPI [3883389] 2022-10-30 16:55:09.535: fn start dpiConn_commit(0x60000370c000)
ODPI [3883389] 2022-10-30 16:55:09.536: fn end dpiConn_commit(0x60000370c000) -> 0
ODPI [3883389] 2022-10-30 16:55:09.536: fn start dpiConn_getIsHealthy(0x60000370c000)
ODPI [3883389] 2022-10-30 16:55:09.537: fn end dpiConn_getIsHealthy(0x60000370c000) -> 0
ODPI [3883389] 2022-10-30 16:55:09.537: fn start dpiConn_release(0x60000370c000)
ODPI [3883389] 2022-10-30 16:55:09.537: ref 0x60000370c000 (dpiConn) -> 0
ODPI [3883389] 2022-10-30 16:55:09.537: ref 0x600002100190 (dpiPool) -> 1
ODPI [3883389] 2022-10-30 16:55:09.537: freed ptr at 0x6000026049c0
ODPI [3883389] 2022-10-30 16:55:09.537: freed ptr at 0x60000170c080
ODPI [3883389] 2022-10-30 16:55:09.537: freed ptr at 0x60000260c060
ODPI [3883389] 2022-10-30 16:55:09.537: freed ptr at 0x60000170c0c0
ODPI [3883389] 2022-10-30 16:55:09.537: freed ptr at 0x60000260c0c0
ODPI [3883389] 2022-10-30 16:55:09.537: freed ptr at 0x60000170c100
ODPI [3883389] 2022-10-30 16:55:09.537: freed ptr at 0x60000260c120
ODPI [3883389] 2022-10-30 16:55:09.537: freed ptr at 0x60000370c000
ODPI [3883389] 2022-10-30 16:55:09.537: fn end dpiConn_release(0x60000370c000) -> 0
2022/10/30 16:55:09 Alloc: 0.324 MiB, Heap: 0.961 MiB, Sys: 8.331 MiB, NumGC: 0
2022/10/30 16:55:09 0; process memory (rss): 22.172 MiB
